Logfile initialized
[INFO] logfile = /Users/id/Personal/Work/DesignJobs/Plebeian/Titanium2/CardPuller2/build.log
[DEBUG] /Users/id/Library/Application Support/Titanium/mobilesdk/osx/2.0.1.GA2/android/builder.py simulator CardPuller2 /Users/id/Personal/Work/DesignJobs/Plebeian/SDKs/android /Users/id/Personal/Work/DesignJobs/Plebeian/Titanium2/CardPuller2 com.plebeianapps.cardpuller2 6 HVGA 
[INFO] Building CardPuller2 for Android ... one moment
[INFO] Titanium SDK version: 2.0.1 (04/12/12 16:33 999c68a)
[DEBUG] Waiting for device to be ready ...
[TRACE] adb devices returned 1 devices/emulators
[TRACE] adb devices returned 1 devices/emulators
[TRACE] adb devices returned 1 devices/emulators
[TRACE] adb devices returned 1 devices/emulators
[TRACE] adb devices returned 1 devices/emulators
[TRACE] adb devices returned 1 devices/emulators
[TRACE] adb devices returned 1 devices/emulators
[TRACE] adb devices returned 1 devices/emulators
[TRACE] adb devices returned 1 devices/emulators
[TRACE] adb devices returned 1 devices/emulators
[DEBUG] Device connected... (waited 45 seconds)
[DEBUG] waited 46.052337 seconds on emulator to get ready
[INFO] Waiting for the Android Emulator to become available
[DEBUG] com.plebeianapps.cardpuller2 installed? False
[INFO] Fastdev server running, deploying in Fastdev mode
[INFO] Copying CommonJS modules...
[INFO] Copying project resources..
[INFO] Detected change in tiapp.xml, or assets deleted. Forcing full re-build...
[TRACE] COPYING CREATED FILE: /Users/id/Personal/Work/DesignJobs/Plebeian/Titanium2/CardPuller2/Resources/android/appicon.png => /Users/id/Personal/Work/DesignJobs/Plebeian/Titanium2/CardPuller2/build/android/bin/assets/Resources/appicon.png
[TRACE] COPYING CREATED FILE: /Users/id/Personal/Work/DesignJobs/Plebeian/Titanium2/CardPuller2/Resources/android/default.png => /Users/id/Personal/Work/DesignJobs/Plebeian/Titanium2/CardPuller2/build/android/bin/assets/Resources/default.png
[TRACE] COPYING CREATED FILE: /Users/id/Personal/Work/DesignJobs/Plebeian/Titanium2/CardPuller2/Resources/app.js => /Users/id/Personal/Work/DesignJobs/Plebeian/Titanium2/CardPuller2/build/android/bin/assets/Resources/app.js
[TRACE] COPYING CREATED FILE: /Users/id/Personal/Work/DesignJobs/Plebeian/Titanium2/CardPuller2/Resources/ApplicationTabGroup.js => /Users/id/Personal/Work/DesignJobs/Plebeian/Titanium2/CardPuller2/build/android/bin/assets/Resources/ApplicationTabGroup.js
[TRACE] COPYING CREATED FILE: /Users/id/Personal/Work/DesignJobs/Plebeian/Titanium2/CardPuller2/Resources/audio/CardFlip.mp3 => /Users/id/Personal/Work/DesignJobs/Plebeian/Titanium2/CardPuller2/build/android/bin/assets/Resources/audio/CardFlip.mp3
[TRACE] COPYING CREATED FILE: /Users/id/Personal/Work/DesignJobs/Plebeian/Titanium2/CardPuller2/Resources/audio/CardShuffle.mp3 => /Users/id/Personal/Work/DesignJobs/Plebeian/Titanium2/CardPuller2/build/android/bin/assets/Resources/audio/CardShuffle.mp3
[TRACE] COPYING CREATED FILE: /Users/id/Personal/Work/DesignJobs/Plebeian/Titanium2/CardPuller2/Resources/audio/KellytheGreenDragon-Color.mp3 => /Users/id/Personal/Work/DesignJobs/Plebeian/Titanium2/CardPuller2/build/android/bin/assets/Resources/audio/KellytheGreenDragon-Color.mp3
[TRACE] COPYING CREATED FILE: /Users/id/Personal/Work/DesignJobs/Plebeian/Titanium2/CardPuller2/Resources/audio/KellytheGreenDragon-ConnectwithOthers.mp3 => /Users/id/Personal/Work/DesignJobs/Plebeian/Titanium2/CardPuller2/build/android/bin/assets/Resources/audio/KellytheGreenDragon-ConnectwithOthers.mp3
[TRACE] COPYING CREATED FILE: /Users/id/Personal/Work/DesignJobs/Plebeian/Titanium2/CardPuller2/Resources/audio/KellytheGreenDragon-ConnectwithYourself.mp3 => /Users/id/Personal/Work/DesignJobs/Plebeian/Titanium2/CardPuller2/build/android/bin/assets/Resources/audio/KellytheGreenDragon-ConnectwithYourself.mp3
[TRACE] COPYING CREATED FILE: /Users/id/Personal/Work/DesignJobs/Plebeian/Titanium2/CardPuller2/Resources/audio/KellytheGreenDragon-Inspiration.mp3 => /Users/id/Personal/Work/DesignJobs/Plebeian/Titanium2/CardPuller2/build/android/bin/assets/Resources/audio/KellytheGreenDragon-Inspiration.mp3
[TRACE] COPYING CREATED FILE: /Users/id/Personal/Work/DesignJobs/Plebeian/Titanium2/CardPuller2/Resources/audio/KellytheGreenDragon-Meditation.mp3 => /Users/id/Personal/Work/DesignJobs/Plebeian/Titanium2/CardPuller2/build/android/bin/assets/Resources/audio/KellytheGreenDragon-Meditation.mp3
[TRACE] COPYING CREATED FILE: /Users/id/Personal/Work/DesignJobs/Plebeian/Titanium2/CardPuller2/Resources/audio/KellytheGreenDragon-Talk.mp3 => /Users/id/Personal/Work/DesignJobs/Plebeian/Titanium2/CardPuller2/build/android/bin/assets/Resources/audio/KellytheGreenDragon-Talk.mp3
[TRACE] COPYING CREATED FILE: /Users/id/Personal/Work/DesignJobs/Plebeian/Titanium2/CardPuller2/Resources/audio/KellytheGreenDragon-TheFable.mp3 => /Users/id/Personal/Work/DesignJobs/Plebeian/Titanium2/CardPuller2/build/android/bin/assets/Resources/audio/KellytheGreenDragon-TheFable.mp3
[TRACE] COPYING CREATED FILE: /Users/id/Personal/Work/DesignJobs/Plebeian/Titanium2/CardPuller2/Resources/db/CardData.js => /Users/id/Personal/Work/DesignJobs/Plebeian/Titanium2/CardPuller2/build/android/bin/assets/Resources/db/CardData.js
[TRACE] COPYING CREATED FILE: /Users/id/Personal/Work/DesignJobs/Plebeian/Titanium2/CardPuller2/Resources/db/cardDb.sqlite => /Users/id/Personal/Work/DesignJobs/Plebeian/Titanium2/CardPuller2/build/android/bin/assets/Resources/db/cardDb.sqlite
[TRACE] COPYING CREATED FILE: /Users/id/Personal/Work/DesignJobs/Plebeian/Titanium2/CardPuller2/Resources/images/BACKOFCARD.png => /Users/id/Personal/Work/DesignJobs/Plebeian/Titanium2/CardPuller2/build/android/bin/assets/Resources/images/BACKOFCARD.png
[TRACE] COPYING CREATED FILE: /Users/id/Personal/Work/DesignJobs/Plebeian/Titanium2/CardPuller2/Resources/images/KS_nav_ui.png => /Users/id/Personal/Work/DesignJobs/Plebeian/Titanium2/CardPuller2/build/android/bin/assets/Resources/images/KS_nav_ui.png
[TRACE] COPYING CREATED FILE: /Users/id/Personal/Work/DesignJobs/Plebeian/Titanium2/CardPuller2/Resources/images/KS_nav_views.png => /Users/id/Personal/Work/DesignJobs/Plebeian/Titanium2/CardPuller2/build/android/bin/assets/Resources/images/KS_nav_views.png
[TRACE] COPYING CREATED FILE: /Users/id/Personal/Work/DesignJobs/Plebeian/Titanium2/CardPuller2/Resources/images/skyblue.png => /Users/id/Personal/Work/DesignJobs/Plebeian/Titanium2/CardPuller2/build/android/bin/assets/Resources/images/skyblue.png
[TRACE] COPYING CREATED FILE: /Users/id/Personal/Work/DesignJobs/Plebeian/Titanium2/CardPuller2/Resources/images/sunsparkler.png => /Users/id/Personal/Work/DesignJobs/Plebeian/Titanium2/CardPuller2/build/android/bin/assets/Resources/images/sunsparkler.png
[TRACE] COPYING CREATED FILE: /Users/id/Personal/Work/DesignJobs/Plebeian/Titanium2/CardPuller2/Resources/images/topaz.png => /Users/id/Personal/Work/DesignJobs/Plebeian/Titanium2/CardPuller2/build/android/bin/assets/Resources/images/topaz.png
[TRACE] COPYING CREATED FILE: /Users/id/Personal/Work/DesignJobs/Plebeian/Titanium2/CardPuller2/Resources/images/wolf.png => /Users/id/Personal/Work/DesignJobs/Plebeian/Titanium2/CardPuller2/build/android/bin/assets/Resources/images/wolf.png
[TRACE] COPYING CREATED FILE: /Users/id/Personal/Work/DesignJobs/Plebeian/Titanium2/CardPuller2/Resources/KS_nav_ui.png => /Users/id/Personal/Work/DesignJobs/Plebeian/Titanium2/CardPuller2/build/android/bin/assets/Resources/KS_nav_ui.png
[TRACE] COPYING CREATED FILE: /Users/id/Personal/Work/DesignJobs/Plebeian/Titanium2/CardPuller2/Resources/KS_nav_views.png => /Users/id/Personal/Work/DesignJobs/Plebeian/Titanium2/CardPuller2/build/android/bin/assets/Resources/KS_nav_views.png
[TRACE] COPYING CREATED FILE: /Users/id/Personal/Work/DesignJobs/Plebeian/Titanium2/CardPuller2/Resources/ui/deck/CardsView.js => /Users/id/Personal/Work/DesignJobs/Plebeian/Titanium2/CardPuller2/build/android/bin/assets/Resources/ui/deck/CardsView.js
[TRACE] COPYING CREATED FILE: /Users/id/Personal/Work/DesignJobs/Plebeian/Titanium2/CardPuller2/Resources/ui/deck/DeckInfoCardsWindow.js => /Users/id/Personal/Work/DesignJobs/Plebeian/Titanium2/CardPuller2/build/android/bin/assets/Resources/ui/deck/DeckInfoCardsWindow.js
[TRACE] COPYING CREATED FILE: /Users/id/Personal/Work/DesignJobs/Plebeian/Titanium2/CardPuller2/Resources/ui/deck/DeckList.js => /Users/id/Personal/Work/DesignJobs/Plebeian/Titanium2/CardPuller2/build/android/bin/assets/Resources/ui/deck/DeckList.js
[TRACE] COPYING CREATED FILE: /Users/id/Personal/Work/DesignJobs/Plebeian/Titanium2/CardPuller2/Resources/ui/deck/InfoView.js => /Users/id/Personal/Work/DesignJobs/Plebeian/Titanium2/CardPuller2/build/android/bin/assets/Resources/ui/deck/InfoView.js
[TRACE] COPYING CREATED FILE: /Users/id/Personal/Work/DesignJobs/Plebeian/Titanium2/CardPuller2/Resources/ui/deck/SingleCardDetail.js => /Users/id/Personal/Work/DesignJobs/Plebeian/Titanium2/CardPuller2/build/android/bin/assets/Resources/ui/deck/SingleCardDetail.js
[TRACE] COPYING CREATED FILE: /Users/id/Personal/Work/DesignJobs/Plebeian/Titanium2/CardPuller2/Resources/ui/deck/SingleCardList.js => /Users/id/Personal/Work/DesignJobs/Plebeian/Titanium2/CardPuller2/build/android/bin/assets/Resources/ui/deck/SingleCardList.js
[TRACE] COPYING CREATED FILE: /Users/id/Personal/Work/DesignJobs/Plebeian/Titanium2/CardPuller2/Resources/ui/deck/SingleCardWindow.js => /Users/id/Personal/Work/DesignJobs/Plebeian/Titanium2/CardPuller2/build/android/bin/assets/Resources/ui/deck/SingleCardWindow.js
[TRACE] COPYING CREATED FILE: /Users/id/Personal/Work/DesignJobs/Plebeian/Titanium2/CardPuller2/Resources/ui/NavButton.js => /Users/id/Personal/Work/DesignJobs/Plebeian/Titanium2/CardPuller2/build/android/bin/assets/Resources/ui/NavButton.js
[TRACE] COPYING CREATED FILE: /Users/id/Personal/Work/DesignJobs/Plebeian/Titanium2/CardPuller2/Resources/ui/readings/RandomCardSet.js => /Users/id/Personal/Work/DesignJobs/Plebeian/Titanium2/CardPuller2/build/android/bin/assets/Resources/ui/readings/RandomCardSet.js
[TRACE] COPYING CREATED FILE: /Users/id/Personal/Work/DesignJobs/Plebeian/Titanium2/CardPuller2/Resources/ui/readings/ReadCardLayout.js => /Users/id/Personal/Work/DesignJobs/Plebeian/Titanium2/CardPuller2/build/android/bin/assets/Resources/ui/readings/ReadCardLayout.js
[TRACE] COPYING CREATED FILE: /Users/id/Personal/Work/DesignJobs/Plebeian/Titanium2/CardPuller2/Resources/ui/readings/ReadDescWindow.js => /Users/id/Personal/Work/DesignJobs/Plebeian/Titanium2/CardPuller2/build/android/bin/assets/Resources/ui/readings/ReadDescWindow.js
[TRACE] COPYING CREATED FILE: /Users/id/Personal/Work/DesignJobs/Plebeian/Titanium2/CardPuller2/Resources/ui/readings/ReadList.js => /Users/id/Personal/Work/DesignJobs/Plebeian/Titanium2/CardPuller2/build/android/bin/assets/Resources/ui/readings/ReadList.js
[TRACE] COPYING CREATED FILE: /Users/id/Personal/Work/DesignJobs/Plebeian/Titanium2/CardPuller2/Resources/ui/TabWindow.js => /Users/id/Personal/Work/DesignJobs/Plebeian/Titanium2/CardPuller2/build/android/bin/assets/Resources/ui/TabWindow.js
[TRACE] COPYING CREATED FILE: /Users/id/Personal/Work/DesignJobs/Plebeian/Titanium2/CardPuller2/Resources/ui/WindowGroup.js => /Users/id/Personal/Work/DesignJobs/Plebeian/Titanium2/CardPuller2/build/android/bin/assets/Resources/ui/WindowGroup.js
[TRACE] Generating Java Classes
[DEBUG] Processing Android resource drawables
[TRACE] COPYING FILE: /Users/id/Personal/Work/DesignJobs/Plebeian/Titanium2/CardPuller2/Resources/android/images/res-long-land-hdpi/default.png => /Users/id/Personal/Work/DesignJobs/Plebeian/Titanium2/CardPuller2/build/android/res/drawable-long-land-hdpi/default_d44e27d97b.png
[TRACE] COPYING FILE: /Users/id/Personal/Work/DesignJobs/Plebeian/Titanium2/CardPuller2/Resources/android/images/res-long-land-ldpi/default.png => /Users/id/Personal/Work/DesignJobs/Plebeian/Titanium2/CardPuller2/build/android/res/drawable-long-land-ldpi/default_d44e27d97b.png
[TRACE] COPYING FILE: /Users/id/Personal/Work/DesignJobs/Plebeian/Titanium2/CardPuller2/Resources/android/images/res-long-port-hdpi/default.png => /Users/id/Personal/Work/DesignJobs/Plebeian/Titanium2/CardPuller2/build/android/res/drawable-long-port-hdpi/default_d44e27d97b.png
[TRACE] COPYING FILE: /Users/id/Personal/Work/DesignJobs/Plebeian/Titanium2/CardPuller2/Resources/android/images/res-long-port-ldpi/default.png => /Users/id/Personal/Work/DesignJobs/Plebeian/Titanium2/CardPuller2/build/android/res/drawable-long-port-ldpi/default_d44e27d97b.png
[TRACE] COPYING FILE: /Users/id/Personal/Work/DesignJobs/Plebeian/Titanium2/CardPuller2/Resources/android/images/res-notlong-land-hdpi/default.png => /Users/id/Personal/Work/DesignJobs/Plebeian/Titanium2/CardPuller2/build/android/res/drawable-notlong-land-hdpi/default_d44e27d97b.png
[TRACE] COPYING FILE: /Users/id/Personal/Work/DesignJobs/Plebeian/Titanium2/CardPuller2/Resources/android/images/res-notlong-land-ldpi/default.png => /Users/id/Personal/Work/DesignJobs/Plebeian/Titanium2/CardPuller2/build/android/res/drawable-notlong-land-ldpi/default_d44e27d97b.png
[TRACE] COPYING FILE: /Users/id/Personal/Work/DesignJobs/Plebeian/Titanium2/CardPuller2/Resources/android/images/res-notlong-land-mdpi/default.png => /Users/id/Personal/Work/DesignJobs/Plebeian/Titanium2/CardPuller2/build/android/res/drawable-notlong-land-mdpi/default_d44e27d97b.png
[TRACE] COPYING FILE: /Users/id/Personal/Work/DesignJobs/Plebeian/Titanium2/CardPuller2/Resources/android/images/res-notlong-port-hdpi/default.png => /Users/id/Personal/Work/DesignJobs/Plebeian/Titanium2/CardPuller2/build/android/res/drawable-notlong-port-hdpi/default_d44e27d97b.png
[TRACE] COPYING FILE: /Users/id/Personal/Work/DesignJobs/Plebeian/Titanium2/CardPuller2/Resources/android/images/res-notlong-port-ldpi/default.png => /Users/id/Personal/Work/DesignJobs/Plebeian/Titanium2/CardPuller2/build/android/res/drawable-notlong-port-ldpi/default_d44e27d97b.png
[TRACE] COPYING FILE: /Users/id/Personal/Work/DesignJobs/Plebeian/Titanium2/CardPuller2/Resources/android/images/res-notlong-port-mdpi/default.png => /Users/id/Personal/Work/DesignJobs/Plebeian/Titanium2/CardPuller2/build/android/res/drawable-notlong-port-mdpi/default_d44e27d97b.png
[DEBUG] app stylesheet => /Users/id/Personal/Work/DesignJobs/Plebeian/Titanium2/CardPuller2/build/android/gen/com/plebeianapps/cardpuller2/ApplicationStylesheet.java
[DEBUG] copying app icon: /Users/id/Personal/Work/DesignJobs/Plebeian/Titanium2/CardPuller2/build/android/bin/assets/Resources/appicon.png
[DEBUG] generating theme.xml
[DEBUG] found drawable-long-land-hdpi splash screen at /Users/id/Personal/Work/DesignJobs/Plebeian/Titanium2/CardPuller2/Resources/android/images/res-long-land-hdpi/default.png
[DEBUG] copying /Users/id/Personal/Work/DesignJobs/Plebeian/Titanium2/CardPuller2/Resources/android/images/res-long-land-hdpi/default.png splash screen to /Users/id/Personal/Work/DesignJobs/Plebeian/Titanium2/CardPuller2/build/android/res/drawable-long-land-hdpi/background.png
[DEBUG] found drawable-long-land-ldpi splash screen at /Users/id/Personal/Work/DesignJobs/Plebeian/Titanium2/CardPuller2/Resources/android/images/res-long-land-ldpi/default.png
[DEBUG] copying /Users/id/Personal/Work/DesignJobs/Plebeian/Titanium2/CardPuller2/Resources/android/images/res-long-land-ldpi/default.png splash screen to /Users/id/Personal/Work/DesignJobs/Plebeian/Titanium2/CardPuller2/build/android/res/drawable-long-land-ldpi/background.png
[DEBUG] found drawable-long-port-hdpi splash screen at /Users/id/Personal/Work/DesignJobs/Plebeian/Titanium2/CardPuller2/Resources/android/images/res-long-port-hdpi/default.png
[DEBUG] copying /Users/id/Personal/Work/DesignJobs/Plebeian/Titanium2/CardPuller2/Resources/android/images/res-long-port-hdpi/default.png splash screen to /Users/id/Personal/Work/DesignJobs/Plebeian/Titanium2/CardPuller2/build/android/res/drawable-long-port-hdpi/background.png
[DEBUG] found drawable-long-port-ldpi splash screen at /Users/id/Personal/Work/DesignJobs/Plebeian/Titanium2/CardPuller2/Resources/android/images/res-long-port-ldpi/default.png
[DEBUG] copying /Users/id/Personal/Work/DesignJobs/Plebeian/Titanium2/CardPuller2/Resources/android/images/res-long-port-ldpi/default.png splash screen to /Users/id/Personal/Work/DesignJobs/Plebeian/Titanium2/CardPuller2/build/android/res/drawable-long-port-ldpi/background.png
[DEBUG] found drawable-notlong-land-hdpi splash screen at /Users/id/Personal/Work/DesignJobs/Plebeian/Titanium2/CardPuller2/Resources/android/images/res-notlong-land-hdpi/default.png
[DEBUG] copying /Users/id/Personal/Work/DesignJobs/Plebeian/Titanium2/CardPuller2/Resources/android/images/res-notlong-land-hdpi/default.png splash screen to /Users/id/Personal/Work/DesignJobs/Plebeian/Titanium2/CardPuller2/build/android/res/drawable-notlong-land-hdpi/background.png
[DEBUG] found drawable-notlong-land-ldpi splash screen at /Users/id/Personal/Work/DesignJobs/Plebeian/Titanium2/CardPuller2/Resources/android/images/res-notlong-land-ldpi/default.png
[DEBUG] copying /Users/id/Personal/Work/DesignJobs/Plebeian/Titanium2/CardPuller2/Resources/android/images/res-notlong-land-ldpi/default.png splash screen to /Users/id/Personal/Work/DesignJobs/Plebeian/Titanium2/CardPuller2/build/android/res/drawable-notlong-land-ldpi/background.png
[DEBUG] found drawable-notlong-land-mdpi splash screen at /Users/id/Personal/Work/DesignJobs/Plebeian/Titanium2/CardPuller2/Resources/android/images/res-notlong-land-mdpi/default.png
[DEBUG] copying /Users/id/Personal/Work/DesignJobs/Plebeian/Titanium2/CardPuller2/Resources/android/images/res-notlong-land-mdpi/default.png splash screen to /Users/id/Personal/Work/DesignJobs/Plebeian/Titanium2/CardPuller2/build/android/res/drawable-notlong-land-mdpi/background.png
[DEBUG] found drawable-notlong-port-hdpi splash screen at /Users/id/Personal/Work/DesignJobs/Plebeian/Titanium2/CardPuller2/Resources/android/images/res-notlong-port-hdpi/default.png
[DEBUG] copying /Users/id/Personal/Work/DesignJobs/Plebeian/Titanium2/CardPuller2/Resources/android/images/res-notlong-port-hdpi/default.png splash screen to /Users/id/Personal/Work/DesignJobs/Plebeian/Titanium2/CardPuller2/build/android/res/drawable-notlong-port-hdpi/background.png
[DEBUG] found drawable-notlong-port-ldpi splash screen at /Users/id/Personal/Work/DesignJobs/Plebeian/Titanium2/CardPuller2/Resources/android/images/res-notlong-port-ldpi/default.png
[DEBUG] copying /Users/id/Personal/Work/DesignJobs/Plebeian/Titanium2/CardPuller2/Resources/android/images/res-notlong-port-ldpi/default.png splash screen to /Users/id/Personal/Work/DesignJobs/Plebeian/Titanium2/CardPuller2/build/android/res/drawable-notlong-port-ldpi/background.png
[DEBUG] found drawable-notlong-port-mdpi splash screen at /Users/id/Personal/Work/DesignJobs/Plebeian/Titanium2/CardPuller2/Resources/android/images/res-notlong-port-mdpi/default.png
[DEBUG] copying /Users/id/Personal/Work/DesignJobs/Plebeian/Titanium2/CardPuller2/Resources/android/images/res-notlong-port-mdpi/default.png splash screen to /Users/id/Personal/Work/DesignJobs/Plebeian/Titanium2/CardPuller2/build/android/res/drawable-notlong-port-mdpi/background.png
[DEBUG] found splash screen at /Users/id/Personal/Work/DesignJobs/Plebeian/Titanium2/CardPuller2/build/android/bin/assets/Resources/default.png
[TRACE] Writing out AndroidManifest.xml
[DEBUG] adding /Users/id/Personal/Work/DesignJobs/Plebeian/Titanium2/CardPuller2/build/android/gen/com/plebeianapps/cardpuller2/ApplicationStylesheet.java to javac build list
[DEBUG] adding /Users/id/Personal/Work/DesignJobs/Plebeian/Titanium2/CardPuller2/build/android/gen/com/plebeianapps/cardpuller2/Cardpuller2Activity.java to javac build list
[DEBUG] adding /Users/id/Personal/Work/DesignJobs/Plebeian/Titanium2/CardPuller2/build/android/gen/com/plebeianapps/cardpuller2/Cardpuller2AppInfo.java to javac build list
[DEBUG] adding /Users/id/Personal/Work/DesignJobs/Plebeian/Titanium2/CardPuller2/build/android/gen/com/plebeianapps/cardpuller2/Cardpuller2Application.java to javac build list
[DEBUG] adding /Users/id/Personal/Work/DesignJobs/Plebeian/Titanium2/CardPuller2/build/android/gen/com/plebeianapps/cardpuller2/R.java to javac build list
[DEBUG] Building Java Sources: "/Users/id/Personal/Work/DesignJobs/Plebeian/Titanium2/CardPuller2/build/android/gen/com/plebeianapps/cardpuller2/ApplicationStylesheet.java" "/Users/id/Personal/Work/DesignJobs/Plebeian/Titanium2/CardPuller2/build/android/gen/com/plebeianapps/cardpuller2/Cardpuller2Activity.java" "/Users/id/Personal/Work/DesignJobs/Plebeian/Titanium2/CardPuller2/build/android/gen/com/plebeianapps/cardpuller2/Cardpuller2AppInfo.java" "/Users/id/Personal/Work/DesignJobs/Plebeian/Titanium2/CardPuller2/build/android/gen/com/plebeianapps/cardpuller2/Cardpuller2Application.java" "/Users/id/Personal/Work/DesignJobs/Plebeian/Titanium2/CardPuller2/build/android/gen/com/plebeianapps/cardpuller2/R.java"
[INFO] Waiting for SDCard to become available..
[INFO] Compiling Android Resources... This could take some time
[DEBUG] Android classes.dex built
[DEBUG] creating unsigned apk: /Users/id/Personal/Work/DesignJobs/Plebeian/Titanium2/CardPuller2/build/android/bin/app-unsigned.apk
[DEBUG] from resource zip => assets/Resources/audio/CardFlip.mp3
[DEBUG] from resource zip => assets/Resources/audio/CardShuffle.mp3
[DEBUG] from resource zip => assets/Resources/audio/KellytheGreenDragon-Color.mp3
[DEBUG] from resource zip => assets/Resources/audio/KellytheGreenDragon-ConnectwithOthers.mp3
[DEBUG] from resource zip => assets/Resources/audio/KellytheGreenDragon-ConnectwithYourself.mp3
[DEBUG] from resource zip => assets/Resources/audio/KellytheGreenDragon-Inspiration.mp3
[DEBUG] from resource zip => assets/Resources/audio/KellytheGreenDragon-Meditation.mp3
[DEBUG] from resource zip => assets/Resources/audio/KellytheGreenDragon-Talk.mp3
[DEBUG] from resource zip => assets/Resources/audio/KellytheGreenDragon-TheFable.mp3
[DEBUG] from resource zip => assets/Resources/db/CardData.js
[DEBUG] from resource zip => assets/Resources/db/cardDb.sqlite
[DEBUG] from resource zip => assets/Resources/images/BACKOFCARD.png
[DEBUG] from resource zip => assets/Resources/images/KS_nav_ui.png
[DEBUG] from resource zip => assets/Resources/images/KS_nav_views.png
[DEBUG] from resource zip => assets/Resources/images/skyblue.png
[DEBUG] from resource zip => assets/Resources/images/sunsparkler.png
[DEBUG] from resource zip => assets/Resources/images/topaz.png
[DEBUG] from resource zip => assets/Resources/images/wolf.png
[DEBUG] from resource zip => assets/Resources/ui/deck/CardsView.js
[DEBUG] from resource zip => assets/Resources/ui/deck/DeckInfoCardsWindow.js
[DEBUG] from resource zip => assets/Resources/ui/deck/DeckList.js
[DEBUG] from resource zip => assets/Resources/ui/deck/InfoView.js
[DEBUG] from resource zip => assets/Resources/ui/deck/SingleCardDetail.js
[DEBUG] from resource zip => assets/Resources/ui/deck/SingleCardList.js
[DEBUG] from resource zip => assets/Resources/ui/deck/SingleCardWindow.js
[DEBUG] from resource zip => assets/Resources/ui/readings/RandomCardSet.js
[DEBUG] from resource zip => assets/Resources/ui/readings/ReadCardLayout.js
[DEBUG] from resource zip => assets/Resources/ui/readings/ReadDescWindow.js
[DEBUG] from resource zip => assets/Resources/ui/readings/ReadList.js
[DEBUG] from resource zip => assets/Resources/ui/NavButton.js
[DEBUG] from resource zip => assets/Resources/ui/TabWindow.js
[DEBUG] from resource zip => assets/Resources/ui/WindowGroup.js
[DEBUG] from resource zip => assets/Resources/ApplicationTabGroup.js
[DEBUG] from resource zip => assets/Resources/KS_nav_ui.png
[DEBUG] from resource zip => assets/Resources/KS_nav_views.png
[DEBUG] from resource zip => assets/Resources/app.js
[DEBUG] from resource zip => assets/Resources/appicon.png
[DEBUG] from resource zip => assets/Resources/default.png
[DEBUG] from resource zip => assets/app.json
[DEBUG] from resource zip => assets/index.json
[DEBUG] from resource zip => assets/tiapp.xml
[DEBUG] from resource zip => res/drawable/appicon.png
[DEBUG] from resource zip => res/drawable/background.png
[DEBUG] from resource zip => res/drawable/close.png
[DEBUG] from resource zip => res/drawable/facebook_login.png
[DEBUG] from resource zip => res/drawable/facebook_login_down.png
[DEBUG] from resource zip => res/drawable/facebook_login_wide.png
[DEBUG] from resource zip => res/drawable/facebook_login_wide_down.png
[DEBUG] from resource zip => res/drawable/facebook_logout.png
[DEBUG] from resource zip => res/drawable/facebook_logout_down.png
[DEBUG] from resource zip => res/layout/titanium_tabgroup.xml
[DEBUG] from resource zip => AndroidManifest.xml
[DEBUG] from resource zip => resources.arsc
[DEBUG] from resource zip => res/drawable-hdpi/close.png
[DEBUG] from resource zip => res/drawable-ldpi/close.png
[DEBUG] from resource zip => res/drawable-long-land-hdpi/background.png
[DEBUG] from resource zip => res/drawable-long-land-hdpi/default_d44e27d97b.png
[DEBUG] from resource zip => res/drawable-long-land-ldpi/background.png
[DEBUG] from resource zip => res/drawable-long-land-ldpi/default_d44e27d97b.png
[DEBUG] from resource zip => res/drawable-long-port-hdpi/background.png
[DEBUG] from resource zip => res/drawable-long-port-hdpi/default_d44e27d97b.png
[DEBUG] from resource zip => res/drawable-long-port-ldpi/background.png
[DEBUG] from resource zip => res/drawable-long-port-ldpi/default_d44e27d97b.png
[DEBUG] from resource zip => res/drawable-notlong-land-hdpi/background.png
[DEBUG] from resource zip => res/drawable-notlong-land-hdpi/default_d44e27d97b.png
[DEBUG] from resource zip => res/drawable-notlong-land-ldpi/background.png
[DEBUG] from resource zip => res/drawable-notlong-land-ldpi/default_d44e27d97b.png
[DEBUG] from resource zip => res/drawable-notlong-land-mdpi/background.png
[DEBUG] from resource zip => res/drawable-notlong-land-mdpi/default_d44e27d97b.png
[DEBUG] from resource zip => res/drawable-notlong-port-hdpi/background.png
[DEBUG] from resource zip => res/drawable-notlong-port-hdpi/default_d44e27d97b.png
[DEBUG] from resource zip => res/drawable-notlong-port-ldpi/background.png
[DEBUG] from resource zip => res/drawable-notlong-port-ldpi/default_d44e27d97b.png
[DEBUG] from resource zip => res/drawable-notlong-port-mdpi/background.png
[DEBUG] from resource zip => res/drawable-notlong-port-mdpi/default_d44e27d97b.png
[DEBUG] from JAR /Users/id/Library/Application Support/Titanium/mobilesdk/osx/2.0.1.GA2/android/modules/titanium-facebook.jar => ti/modules/titanium/facebook/LICENSE
[DEBUG] from JAR /Users/id/Library/Application Support/Titanium/mobilesdk/osx/2.0.1.GA2/android/titanium.jar => org/appcelerator/titanium/build.properties
[DEBUG] from JAR /Users/id/Library/Application Support/Titanium/mobilesdk/osx/2.0.1.GA2/android/titanium.jar => org/appcelerator/titanium/res/drawable/background.png
[DEBUG] from JAR /Users/id/Library/Application Support/Titanium/mobilesdk/osx/2.0.1.GA2/android/titanium.jar => org/appcelerator/titanium/res/drawable/btn_check_buttonless_on.png
[DEBUG] from JAR /Users/id/Library/Application Support/Titanium/mobilesdk/osx/2.0.1.GA2/android/titanium.jar => org/appcelerator/titanium/res/drawable/btn_check_buttonless_on_18.png
[DEBUG] from JAR /Users/id/Library/Application Support/Titanium/mobilesdk/osx/2.0.1.GA2/android/titanium.jar => org/appcelerator/titanium/res/drawable/btn_check_buttonless_on_48.png
[DEBUG] from JAR /Users/id/Library/Application Support/Titanium/mobilesdk/osx/2.0.1.GA2/android/titanium.jar => org/appcelerator/titanium/res/drawable/btn_more.png
[DEBUG] from JAR /Users/id/Library/Application Support/Titanium/mobilesdk/osx/2.0.1.GA2/android/titanium.jar => org/appcelerator/titanium/res/drawable/btn_more_18.png
[DEBUG] from JAR /Users/id/Library/Application Support/Titanium/mobilesdk/osx/2.0.1.GA2/android/titanium.jar => org/appcelerator/titanium/res/drawable/btn_more_48.png
[DEBUG] from JAR /Users/id/Library/Application Support/Titanium/mobilesdk/osx/2.0.1.GA2/android/titanium.jar => org/appcelerator/titanium/res/drawable/btn_picker_normal.9.png
[DEBUG] from JAR /Users/id/Library/Application Support/Titanium/mobilesdk/osx/2.0.1.GA2/android/titanium.jar => org/appcelerator/titanium/res/drawable/btn_picker_pressed.9.png
[DEBUG] from JAR /Users/id/Library/Application Support/Titanium/mobilesdk/osx/2.0.1.GA2/android/titanium.jar => org/appcelerator/titanium/res/drawable/btn_picker_selected.9.png
[DEBUG] from JAR /Users/id/Library/Application Support/Titanium/mobilesdk/osx/2.0.1.GA2/android/titanium.jar => org/appcelerator/titanium/res/drawable/default_icon.png
[DEBUG] from JAR /Users/id/Library/Application Support/Titanium/mobilesdk/osx/2.0.1.GA2/android/titanium.jar => org/appcelerator/titanium/res/drawable/photoDefault.png
[DEBUG] from JAR /Users/id/Library/Application Support/Titanium/mobilesdk/osx/2.0.1.GA2/android/thirdparty.jar => org/apache/Commons-NOTICE.txt
[DEBUG] from JAR /Users/id/Library/Application Support/Titanium/mobilesdk/osx/2.0.1.GA2/android/thirdparty.jar => org/apache/HttpComponents-NOTICE.txt
[DEBUG] from JAR /Users/id/Library/Application Support/Titanium/mobilesdk/osx/2.0.1.GA2/android/thirdparty.jar => org/apache/mime4j-NOTICE.txt
[DEBUG] from JAR /Users/id/Library/Application Support/Titanium/mobilesdk/osx/2.0.1.GA2/android/modules/titanium-ui.jar => ti/modules/titanium/ui/widget/webview/binding.js
[DEBUG] from JAR /Users/id/Library/Application Support/Titanium/mobilesdk/osx/2.0.1.GA2/android/modules/titanium-ui.jar => ti/modules/titanium/ui/widget/webview/binding.min.js
[DEBUG] from JAR /Users/id/Library/Application Support/Titanium/mobilesdk/osx/2.0.1.GA2/android/modules/titanium-ui.jar => ti/modules/titanium/ui/widget/webview/json2.js
[DEBUG] installing native SDK libs
[DEBUG] Waiting for device to be ready ...
[TRACE] adb devices returned 1 devices/emulators
[DEBUG] Device connected... (waited 0 seconds)
[DEBUG] waited 0.036687 seconds on emulator to get ready
[INFO] Installing application on emulator
[INFO] Launching application ... CardPuller2
[TRACE] Launch output: Starting: Intent { act=android.intent.action.MAIN cat=[android.intent.category.LAUNCHER] cmp=com.plebeianapps.cardpuller2/.Cardpuller2Activity }

[INFO] Deployed CardPuller2 ... Application should be running.
[INFO] Android Emulator has exited
